2021-11-23 23:14:14.416 [main] INFO  com.DatabaseApplication - Starting DatabaseApplication on DESKTOP-QBJJOAA with PID 11508 (E:\zrj_demo\create-database\create-database\target\classes started by 27118 in E:\zrj_demo\create-database\create-database)
2021-11-23 23:14:14.422 [main] INFO  com.DatabaseApplication - No active profile set, falling back to default profiles: default
2021-11-23 23:14:19.127 [main] INFO  o.s.boot.web.embedded.tomcat.TomcatWebServer - Tomcat initialized with port(s): 10020 (http)
2021-11-23 23:14:19.146 [main] INFO  org.apache.coyote.http11.Http11NioProtocol - Initializing ProtocolHandler ["http-nio-10020"]
2021-11-23 23:14:19.158 [main] INFO  org.apache.catalina.core.StandardService - Starting service [Tomcat]
2021-11-23 23:14:19.160 [main] INFO  org.apache.catalina.core.StandardEngine - Starting Servlet engine: [Apache Tomcat/9.0.19]
2021-11-23 23:14:19.330 [main] INFO  o.a.c.core.ContainerBase.[Tomcat].[localhost].[/] - Initializing Spring embedded WebApplicationContext
2021-11-23 23:14:19.330 [main] INFO  org.springframework.web.context.ContextLoader - Root WebApplicationContext: initialization completed in 4825 ms
2021-11-23 23:14:19.395 [main] INFO  com.cc.filter.CoreFilter - 初始化过滤器
2021-11-23 23:14:19.634 [main] INFO  o.s.scheduling.concurrent.ThreadPoolTaskExecutor - Initializing ExecutorService 'applicationTaskExecutor'
2021-11-23 23:14:21.002 [main] INFO  org.apache.coyote.http11.Http11NioProtocol - Starting ProtocolHandler ["http-nio-10020"]
2021-11-23 23:14:21.150 [main] INFO  o.s.boot.web.embedded.tomcat.TomcatWebServer - Tomcat started on port(s): 10020 (http) with context path ''
2021-11-23 23:14:21.155 [main] INFO  com.DatabaseApplication - Started DatabaseApplication in 7.667 seconds (JVM running for 10.037)
2021-11-23 23:14:45.504 [Thread-14] INFO  o.s.scheduling.concurrent.ThreadPoolTaskExecutor - Shutting down ExecutorService 'applicationTaskExecutor'
2021-11-23 23:14:51.432 [main] INFO  com.DatabaseApplication - Starting DatabaseApplication on DESKTOP-QBJJOAA with PID 13512 (E:\zrj_demo\create-database\create-database\target\classes started by 27118 in E:\zrj_demo\create-database\create-database)
2021-11-23 23:14:51.438 [main] INFO  com.DatabaseApplication - No active profile set, falling back to default profiles: default
2021-11-23 23:14:55.103 [main] INFO  o.s.boot.web.embedded.tomcat.TomcatWebServer - Tomcat initialized with port(s): 10020 (http)
2021-11-23 23:14:55.120 [main] INFO  org.apache.coyote.http11.Http11NioProtocol - Initializing ProtocolHandler ["http-nio-10020"]
2021-11-23 23:14:55.130 [main] INFO  org.apache.catalina.core.StandardService - Starting service [Tomcat]
2021-11-23 23:14:55.131 [main] INFO  org.apache.catalina.core.StandardEngine - Starting Servlet engine: [Apache Tomcat/9.0.19]
2021-11-23 23:14:55.290 [main] INFO  o.a.c.core.ContainerBase.[Tomcat].[localhost].[/] - Initializing Spring embedded WebApplicationContext
2021-11-23 23:14:55.290 [main] INFO  org.springframework.web.context.ContextLoader - Root WebApplicationContext: initialization completed in 3675 ms
2021-11-23 23:14:55.343 [main] INFO  com.cc.filter.CoreFilter - 初始化过滤器
2021-11-23 23:14:55.551 [main] INFO  o.s.scheduling.concurrent.ThreadPoolTaskExecutor - Initializing ExecutorService 'applicationTaskExecutor'
2021-11-23 23:14:56.798 [main] INFO  org.apache.coyote.http11.Http11NioProtocol - Starting ProtocolHandler ["http-nio-10020"]
2021-11-23 23:14:56.923 [main] INFO  o.s.boot.web.embedded.tomcat.TomcatWebServer - Tomcat started on port(s): 10020 (http) with context path ''
2021-11-23 23:14:56.927 [main] INFO  com.DatabaseApplication - Started DatabaseApplication in 6.278 seconds (JVM running for 8.592)
2021-11-23 23:16:32.809 [Thread-15] INFO  o.s.scheduling.concurrent.ThreadPoolTaskExecutor - Shutting down ExecutorService 'applicationTaskExecutor'
2021-11-23 23:18:06.647 [main] INFO  com.DatabaseApplication - Starting DatabaseApplication on DESKTOP-QBJJOAA with PID 16400 (E:\zrj_demo\create-database\create-database\target\classes started by 27118 in E:\zrj_demo\create-database\create-database)
2021-11-23 23:18:06.651 [main] INFO  com.DatabaseApplication - No active profile set, falling back to default profiles: default
2021-11-23 23:18:13.650 [main] INFO  com.DatabaseApplication - Starting DatabaseApplication on DESKTOP-QBJJOAA with PID 6232 (E:\zrj_demo\create-database\create-database\target\classes started by 27118 in E:\zrj_demo\create-database\create-database)
2021-11-23 23:18:13.656 [main] INFO  com.DatabaseApplication - No active profile set, falling back to default profiles: default
2021-11-23 23:18:17.500 [main] ERROR org.springframework.boot.SpringApplication - Application run failed
org.springframework.context.annotation.ConflictingBeanDefinitionException: Annotation-specified bean name 'IEnum' for bean class [com.baomidou.mybatisplus.annotation.IEnum] conflicts with existing, non-compatible bean definition of same name and class [com.baomidou.mybatisplus.core.enums.IEnum]
	at org.springframework.context.annotation.ClassPathBeanDefinitionScanner.checkCandidate(ClassPathBeanDefinitionScanner.java:348)
	at org.mybatis.spring.mapper.ClassPathMapperScanner.checkCandidate(ClassPathMapperScanner.java:256)
	at org.springframework.context.annotation.ClassPathBeanDefinitionScanner.doScan(ClassPathBeanDefinitionScanner.java:286)
	at org.mybatis.spring.mapper.ClassPathMapperScanner.doScan(ClassPathMapperScanner.java:181)
	at org.springframework.context.annotation.ClassPathBeanDefinitionScanner.scan(ClassPathBeanDefinitionScanner.java:253)
	at org.mybatis.spring.mapper.MapperScannerConfigurer.postProcessBeanDefinitionRegistry(MapperScannerConfigurer.java:356)
	at org.springframework.context.support.PostProcessorRegistrationDelegate.invokeBeanDefinitionRegistryPostProcessors(PostProcessorRegistrationDelegate.java:275)
	at org.springframework.context.support.PostProcessorRegistrationDelegate.invokeBeanFactoryPostProcessors(PostProcessorRegistrationDelegate.java:125)
	at org.springframework.context.support.AbstractApplicationContext.invokeBeanFactoryPostProcessors(AbstractApplicationContext.java:705)
	at org.springframework.context.support.AbstractApplicationContext.refresh(AbstractApplicationContext.java:531)
	at org.springframework.boot.web.servlet.context.ServletWebServerApplicationContext.refresh(ServletWebServerApplicationContext.java:142)
	at org.springframework.boot.SpringApplication.refresh(SpringApplication.java:775)
	at org.springframework.boot.SpringApplication.refreshContext(SpringApplication.java:397)
	at org.springframework.boot.SpringApplication.run(SpringApplication.java:316)
	at org.springframework.boot.SpringApplication.run(SpringApplication.java:1260)
	at org.springframework.boot.SpringApplication.run(SpringApplication.java:1248)
	at com.DatabaseApplication.main(DatabaseApplication.java:12)
