2022-04-04 17:40:47.477 [main] INFO  com.DatabaseApplication - Starting DatabaseApplication on DESKTOP-QBJJOAA with PID 12172 (E:\zrj_demo\create-database\create-database\target\classes started by 27118 in E:\zrj_demo\create-database\create-database)
2022-04-04 17:40:47.477 [main] INFO  com.DatabaseApplication - No active profile set, falling back to default profiles: default
2022-04-04 17:40:50.216 [main] ERROR org.springframework.boot.SpringApplication - Application run failed
org.springframework.context.annotation.ConflictingBeanDefinitionException: Annotation-specified bean name 'IEnum' for bean class [com.baomidou.mybatisplus.annotation.IEnum] conflicts with existing, non-compatible bean definition of same name and class [com.baomidou.mybatisplus.core.enums.IEnum]
	at org.springframework.context.annotation.ClassPathBeanDefinitionScanner.checkCandidate(ClassPathBeanDefinitionScanner.java:348)
	at org.mybatis.spring.mapper.ClassPathMapperScanner.checkCandidate(ClassPathMapperScanner.java:256)
	at org.springframework.context.annotation.ClassPathBeanDefinitionScanner.doScan(ClassPathBeanDefinitionScanner.java:286)
	at org.mybatis.spring.mapper.ClassPathMapperScanner.doScan(ClassPathMapperScanner.java:181)
	at org.springframework.context.annotation.ClassPathBeanDefinitionScanner.scan(ClassPathBeanDefinitionScanner.java:253)
	at org.mybatis.spring.mapper.MapperScannerConfigurer.postProcessBeanDefinitionRegistry(MapperScannerConfigurer.java:356)
	at org.springframework.context.support.PostProcessorRegistrationDelegate.invokeBeanDefinitionRegistryPostProcessors(PostProcessorRegistrationDelegate.java:275)
	at org.springframework.context.support.PostProcessorRegistrationDelegate.invokeBeanFactoryPostProcessors(PostProcessorRegistrationDelegate.java:125)
	at org.springframework.context.support.AbstractApplicationContext.invokeBeanFactoryPostProcessors(AbstractApplicationContext.java:705)
	at org.springframework.context.support.AbstractApplicationContext.refresh(AbstractApplicationContext.java:531)
	at org.springframework.boot.web.servlet.context.ServletWebServerApplicationContext.refresh(ServletWebServerApplicationContext.java:142)
	at org.springframework.boot.SpringApplication.refresh(SpringApplication.java:775)
	at org.springframework.boot.SpringApplication.refreshContext(SpringApplication.java:397)
	at org.springframework.boot.SpringApplication.run(SpringApplication.java:316)
	at org.springframework.boot.SpringApplication.run(SpringApplication.java:1260)
	at org.springframework.boot.SpringApplication.run(SpringApplication.java:1248)
	at com.DatabaseApplication.main(DatabaseApplication.java:12)
2022-04-04 17:42:01.679 [main] INFO  com.DatabaseApplication - Starting DatabaseApplication on DESKTOP-QBJJOAA with PID 1564 (E:\zrj_demo\create-database\create-database\target\classes started by 27118 in E:\zrj_demo\create-database\create-database)
2022-04-04 17:42:01.685 [main] INFO  com.DatabaseApplication - No active profile set, falling back to default profiles: default
2022-04-04 17:42:05.406 [main] ERROR org.springframework.boot.SpringApplication - Application run failed
org.springframework.context.annotation.ConflictingBeanDefinitionException: Annotation-specified bean name 'IEnum' for bean class [com.baomidou.mybatisplus.annotation.IEnum] conflicts with existing, non-compatible bean definition of same name and class [com.baomidou.mybatisplus.core.enums.IEnum]
	at org.springframework.context.annotation.ClassPathBeanDefinitionScanner.checkCandidate(ClassPathBeanDefinitionScanner.java:348)
	at org.mybatis.spring.mapper.ClassPathMapperScanner.checkCandidate(ClassPathMapperScanner.java:256)
	at org.springframework.context.annotation.ClassPathBeanDefinitionScanner.doScan(ClassPathBeanDefinitionScanner.java:286)
	at org.mybatis.spring.mapper.ClassPathMapperScanner.doScan(ClassPathMapperScanner.java:181)
	at org.springframework.context.annotation.ClassPathBeanDefinitionScanner.scan(ClassPathBeanDefinitionScanner.java:253)
	at org.mybatis.spring.mapper.MapperScannerConfigurer.postProcessBeanDefinitionRegistry(MapperScannerConfigurer.java:356)
	at org.springframework.context.support.PostProcessorRegistrationDelegate.invokeBeanDefinitionRegistryPostProcessors(PostProcessorRegistrationDelegate.java:275)
	at org.springframework.context.support.PostProcessorRegistrationDelegate.invokeBeanFactoryPostProcessors(PostProcessorRegistrationDelegate.java:125)
	at org.springframework.context.support.AbstractApplicationContext.invokeBeanFactoryPostProcessors(AbstractApplicationContext.java:705)
	at org.springframework.context.support.AbstractApplicationContext.refresh(AbstractApplicationContext.java:531)
	at org.springframework.boot.web.servlet.context.ServletWebServerApplicationContext.refresh(ServletWebServerApplicationContext.java:142)
	at org.springframework.boot.SpringApplication.refresh(SpringApplication.java:775)
	at org.springframework.boot.SpringApplication.refreshContext(SpringApplication.java:397)
	at org.springframework.boot.SpringApplication.run(SpringApplication.java:316)
	at org.springframework.boot.SpringApplication.run(SpringApplication.java:1260)
	at org.springframework.boot.SpringApplication.run(SpringApplication.java:1248)
	at com.DatabaseApplication.main(DatabaseApplication.java:12)
2022-04-04 17:44:48.490 [main] INFO  com.DatabaseApplication - Starting DatabaseApplication on DESKTOP-QBJJOAA with PID 6068 (E:\zrj_demo\create-database\create-database\target\classes started by 27118 in E:\zrj_demo\create-database\create-database)
2022-04-04 17:44:48.497 [main] INFO  com.DatabaseApplication - No active profile set, falling back to default profiles: default
2022-04-04 17:44:51.030 [main] INFO  o.s.boot.web.embedded.tomcat.TomcatWebServer - Tomcat initialized with port(s): 10020 (http)
2022-04-04 17:44:51.047 [main] INFO  org.apache.coyote.http11.Http11NioProtocol - Initializing ProtocolHandler ["http-nio-10020"]
2022-04-04 17:44:51.058 [main] INFO  org.apache.catalina.core.StandardService - Starting service [Tomcat]
2022-04-04 17:44:51.059 [main] INFO  org.apache.catalina.core.StandardEngine - Starting Servlet engine: [Apache Tomcat/9.0.19]
2022-04-04 17:44:51.179 [main] INFO  o.a.c.core.ContainerBase.[Tomcat].[localhost].[/] - Initializing Spring embedded WebApplicationContext
2022-04-04 17:44:51.179 [main] INFO  org.springframework.web.context.ContextLoader - Root WebApplicationContext: initialization completed in 2519 ms
2022-04-04 17:44:51.231 [main] INFO  com.cc.filter.CoreFilter - 初始化过滤器
2022-04-04 17:44:51.436 [main] INFO  o.s.scheduling.concurrent.ThreadPoolTaskExecutor - Initializing ExecutorService 'applicationTaskExecutor'
2022-04-04 17:44:52.585 [main] INFO  org.apache.coyote.http11.Http11NioProtocol - Starting ProtocolHandler ["http-nio-10020"]
2022-04-04 17:44:52.705 [main] INFO  o.s.boot.web.embedded.tomcat.TomcatWebServer - Tomcat started on port(s): 10020 (http) with context path ''
2022-04-04 17:44:52.709 [main] INFO  com.DatabaseApplication - Started DatabaseApplication in 5.121 seconds (JVM running for 6.764)
2022-04-04 18:02:26.119 [http-nio-10020-exec-1] INFO  o.a.c.core.ContainerBase.[Tomcat].[localhost].[/] - Initializing Spring DispatcherServlet 'dispatcherServlet'
2022-04-04 18:02:26.120 [http-nio-10020-exec-1] INFO  org.springframework.web.servlet.DispatcherServlet - Initializing Servlet 'dispatcherServlet'
2022-04-04 18:02:26.128 [http-nio-10020-exec-1] INFO  org.springframework.web.servlet.DispatcherServlet - Completed initialization in 8 ms
2022-04-04 18:07:15.271 [Thread-13] INFO  o.s.scheduling.concurrent.ThreadPoolTaskExecutor - Shutting down ExecutorService 'applicationTaskExecutor'
2022-04-04 18:07:21.499 [main] INFO  com.DatabaseApplication - Starting DatabaseApplication on DESKTOP-QBJJOAA with PID 5024 (E:\zrj_demo\create-database\create-database\target\classes started by 27118 in E:\zrj_demo\create-database\create-database)
2022-04-04 18:07:21.503 [main] INFO  com.DatabaseApplication - No active profile set, falling back to default profiles: default
2022-04-04 18:07:23.865 [main] INFO  o.s.boot.web.embedded.tomcat.TomcatWebServer - Tomcat initialized with port(s): 10020 (http)
2022-04-04 18:07:23.880 [main] INFO  org.apache.coyote.http11.Http11NioProtocol - Initializing ProtocolHandler ["http-nio-10020"]
2022-04-04 18:07:23.891 [main] INFO  org.apache.catalina.core.StandardService - Starting service [Tomcat]
2022-04-04 18:07:23.892 [main] INFO  org.apache.catalina.core.StandardEngine - Starting Servlet engine: [Apache Tomcat/9.0.19]
2022-04-04 18:07:24.003 [main] INFO  o.a.c.core.ContainerBase.[Tomcat].[localhost].[/] - Initializing Spring embedded WebApplicationContext
2022-04-04 18:07:24.003 [main] INFO  org.springframework.web.context.ContextLoader - Root WebApplicationContext: initialization completed in 2348 ms
2022-04-04 18:07:24.053 [main] INFO  com.cc.filter.CoreFilter - 初始化过滤器
2022-04-04 18:07:24.081 [main] WARN  o.s.b.w.s.c.AnnotationConfigServletWebServerApplicationContext - Exception encountered during context initialization - cancelling refresh attempt: org.springframework.beans.factory.UnsatisfiedDependencyException: Error creating bean with name 'tableInfoController': Unsatisfied dependency expressed through field 'ccMapperUtils'; nested exception is org.springframework.beans.factory.UnsatisfiedDependencyException: Error creating bean with name 'ccMapperUtils' defined in file [E:\zrj_demo\create-database\create-database\target\classes\com\cc\mapper\utils\CcMapperUtils.class]: Unsatisfied dependency expressed through constructor parameter 0; nested exception is org.springframework.beans.factory.NoSuchBeanDefinitionException: No qualifying bean of type 'org.apache.ibatis.session.Configuration' available: expected at least 1 bean which qualifies as autowire candidate. Dependency annotations: {}
2022-04-04 18:07:24.086 [main] INFO  org.apache.catalina.core.StandardService - Stopping service [Tomcat]
2022-04-04 18:07:24.109 [main] INFO  o.s.b.a.l.ConditionEvaluationReportLoggingListener - 

Error starting ApplicationContext. To display the conditions report re-run your application with 'debug' enabled.
2022-04-04 18:07:24.241 [main] ERROR o.s.b.diagnostics.LoggingFailureAnalysisReporter - 

***************************
APPLICATION FAILED TO START
***************************

Description:

Parameter 0 of constructor in CcMapperUtils required a bean of type 'org.apache.ibatis.session.Configuration' that could not be found.

The injection point has the following annotations:
	- @org.springframework.beans.factory.annotation.Autowired(required=true)


Action:

Consider defining a bean of type 'org.apache.ibatis.session.Configuration' in your configuration.

2022-04-04 18:08:09.007 [main] INFO  com.DatabaseApplication - Starting DatabaseApplication on DESKTOP-QBJJOAA with PID 12800 (E:\zrj_demo\create-database\create-database\target\classes started by 27118 in E:\zrj_demo\create-database\create-database)
2022-04-04 18:08:09.011 [main] INFO  com.DatabaseApplication - No active profile set, falling back to default profiles: default
2022-04-04 18:08:11.476 [main] INFO  o.s.boot.web.embedded.tomcat.TomcatWebServer - Tomcat initialized with port(s): 10020 (http)
2022-04-04 18:08:11.496 [main] INFO  org.apache.coyote.http11.Http11NioProtocol - Initializing ProtocolHandler ["http-nio-10020"]
2022-04-04 18:08:11.510 [main] INFO  org.apache.catalina.core.StandardService - Starting service [Tomcat]
2022-04-04 18:08:11.510 [main] INFO  org.apache.catalina.core.StandardEngine - Starting Servlet engine: [Apache Tomcat/9.0.19]
2022-04-04 18:08:11.633 [main] INFO  o.a.c.core.ContainerBase.[Tomcat].[localhost].[/] - Initializing Spring embedded WebApplicationContext
2022-04-04 18:08:11.633 [main] INFO  org.springframework.web.context.ContextLoader - Root WebApplicationContext: initialization completed in 2550 ms
2022-04-04 18:08:11.686 [main] INFO  com.cc.filter.CoreFilter - 初始化过滤器
2022-04-04 18:08:11.898 [main] INFO  o.s.scheduling.concurrent.ThreadPoolTaskExecutor - Initializing ExecutorService 'applicationTaskExecutor'
2022-04-04 18:08:13.208 [main] INFO  org.apache.coyote.http11.Http11NioProtocol - Starting ProtocolHandler ["http-nio-10020"]
2022-04-04 18:08:13.244 [main] INFO  o.s.boot.web.embedded.tomcat.TomcatWebServer - Tomcat started on port(s): 10020 (http) with context path ''
2022-04-04 18:08:13.247 [main] INFO  com.DatabaseApplication - Started DatabaseApplication in 4.848 seconds (JVM running for 6.689)
2022-04-04 18:08:49.027 [http-nio-10020-exec-1] INFO  o.a.c.core.ContainerBase.[Tomcat].[localhost].[/] - Initializing Spring DispatcherServlet 'dispatcherServlet'
2022-04-04 18:08:49.027 [http-nio-10020-exec-1] INFO  org.springframework.web.servlet.DispatcherServlet - Initializing Servlet 'dispatcherServlet'
2022-04-04 18:08:49.036 [http-nio-10020-exec-1] INFO  org.springframework.web.servlet.DispatcherServlet - Completed initialization in 8 ms
2022-04-04 18:10:12.954 [Thread-11] INFO  o.s.scheduling.concurrent.ThreadPoolTaskExecutor - Shutting down ExecutorService 'applicationTaskExecutor'
2022-04-04 18:10:18.946 [main] INFO  com.DatabaseApplication - Starting DatabaseApplication on DESKTOP-QBJJOAA with PID 12628 (E:\zrj_demo\create-database\create-database\target\classes started by 27118 in E:\zrj_demo\create-database\create-database)
2022-04-04 18:10:18.950 [main] INFO  com.DatabaseApplication - No active profile set, falling back to default profiles: default
2022-04-04 18:10:21.493 [main] INFO  o.s.boot.web.embedded.tomcat.TomcatWebServer - Tomcat initialized with port(s): 10020 (http)
2022-04-04 18:10:21.508 [main] INFO  org.apache.coyote.http11.Http11NioProtocol - Initializing ProtocolHandler ["http-nio-10020"]
2022-04-04 18:10:21.518 [main] INFO  org.apache.catalina.core.StandardService - Starting service [Tomcat]
2022-04-04 18:10:21.518 [main] INFO  org.apache.catalina.core.StandardEngine - Starting Servlet engine: [Apache Tomcat/9.0.19]
2022-04-04 18:10:21.627 [main] INFO  o.a.c.core.ContainerBase.[Tomcat].[localhost].[/] - Initializing Spring embedded WebApplicationContext
2022-04-04 18:10:21.627 [main] INFO  org.springframework.web.context.ContextLoader - Root WebApplicationContext: initialization completed in 2552 ms
2022-04-04 18:10:21.671 [main] INFO  com.cc.filter.CoreFilter - 初始化过滤器
2022-04-04 18:10:21.884 [main] INFO  o.s.scheduling.concurrent.ThreadPoolTaskExecutor - Initializing ExecutorService 'applicationTaskExecutor'
2022-04-04 18:10:23.054 [main] INFO  org.apache.coyote.http11.Http11NioProtocol - Starting ProtocolHandler ["http-nio-10020"]
2022-04-04 18:10:23.180 [main] INFO  o.s.boot.web.embedded.tomcat.TomcatWebServer - Tomcat started on port(s): 10020 (http) with context path ''
2022-04-04 18:10:23.184 [main] INFO  com.DatabaseApplication - Started DatabaseApplication in 4.933 seconds (JVM running for 6.608)
2022-04-04 18:10:26.205 [http-nio-10020-exec-2] INFO  o.a.c.core.ContainerBase.[Tomcat].[localhost].[/] - Initializing Spring DispatcherServlet 'dispatcherServlet'
2022-04-04 18:10:26.206 [http-nio-10020-exec-2] INFO  org.springframework.web.servlet.DispatcherServlet - Initializing Servlet 'dispatcherServlet'
2022-04-04 18:10:26.213 [http-nio-10020-exec-2] INFO  org.springframework.web.servlet.DispatcherServlet - Completed initialization in 7 ms
